# JRE version: Java(TM) SE Runtime Environment (8.0_201-b09) (build 1.8.0_201-b09)
# Java VM: Java HotSpot(TM) 64-Bit Server VM (25.201-b09 mixed mode linux-amd64 compressed oops)
Heap:
 PSYoungGen      total 71680K, used 18684K [0x00000000d7100000, 0x00000000dfd00000, 0x0000000100000000)
  eden space 62976K, 22% used [0x00000000d7100000,0x00000000d7ebf370,0x00000000dae80000)
  from space 8704K, 52% used [0x00000000dae80000,0x00000000db300030,0x00000000db700000)
  to   space 8704K, 0% used [0x00000000df480000,0x00000000df480000,0x00000000dfd00000)
 ParOldGen       total 84992K, used 11353K [0x0000000085200000, 0x000000008a500000, 0x00000000d7100000)
  object space 84992K, 13% used [0x0000000085200000,0x0000000085d16428,0x000000008a500000)
 Metaspace       used 20543K, capacity 20758K, committed 21120K, reserved 1067008K
  class space    used 2561K, capacity 2643K, committed 2688K, reserved 1048576K
GC Heap History (10 events):
Event: 7.593 GC heap before
{Heap before GC invocations=3 (full 0):
 PSYoungGen      total 36864K, used 36832K [0x00000000d7100000, 0x00000000d9a00000, 0x0000000100000000)
  eden space 31744K, 100% used [0x00000000d7100000,0x00000000d9000000,0x00000000d9000000)
  from space 5120K, 99% used [0x00000000d9500000,0x00000000d99f8060,0x00000000d9a00000)
  to   space 5120K, 0% used [0x00000000d9000000,0x00000000d9000000,0x00000000d9500000)
 ParOldGen       total 84992K, used 4166K [0x0000000085200000, 0x000000008a500000, 0x00000000d7100000)
  object space 84992K, 4% used [0x0000000085200000,0x00000000856118f8,0x000000008a500000)
 Metaspace       used 19896K, capacity 20118K, committed 20352K, reserved 1067008K
  class space    used 2542K, capacity 2643K, committed 2688K, reserved 1048576K
Event: 7.617 GC heap after
Heap after GC invocations=3 (full 0):
 PSYoungGen      total 36864K, used 5104K [0x00000000d7100000, 0x00000000d9a00000, 0x0000000100000000)
  eden space 31744K, 0% used [0x00000000d7100000,0x00000000d7100000,0x00000000d9000000)
  from space 5120K, 99% used [0x00000000d9000000,0x00000000d94fc070,0x00000000d9500000)
  to   space 5120K, 0% used [0x00000000d9500000,0x00000000d9500000,0x00000000d9a00000)
 ParOldGen       total 84992K, used 5525K [0x0000000085200000, 0x000000008a500000, 0x00000000d7100000)
  object space 84992K, 6% used [0x0000000085200000,0x0000000085765518,0x000000008a500000)
 Metaspace       used 19896K, capacity 20118K, committed 20352K, reserved 1067008K
  class space    used 2542K, capacity 2643K, committed 2688K, reserved 1048576K
}
Event: 9.194 GC heap before
{Heap before GC invocations=4 (full 0):
 PSYoungGen      total 36864K, used 36848K [0x00000000d7100000, 0x00000000d9a00000, 0x0000000100000000)
  eden space 31744K, 100% used [0x00000000d7100000,0x00000000d9000000,0x00000000d9000000)
  from space 5120K, 99% used [0x00000000d9000000,0x00000000d94fc070,0x00000000d9500000)
  to   space 5120K, 0% used [0x00000000d9500000,0x00000000d9500000,0x00000000d9a00000)
 ParOldGen       total 84992K, used 5525K [0x0000000085200000, 0x000000008a500000, 0x00000000d7100000)
  object space 84992K, 6% used [0x0000000085200000,0x0000000085765518,0x000000008a500000)
 Metaspace       used 20010K, capacity 20310K, committed 20608K, reserved 1067008K
  class space    used 2542K, capacity 2643K, committed 2688K, reserved 1048576K
Event: 9.218 GC heap after
Heap after GC invocations=4 (full 0):
 PSYoungGen      total 36864K, used 5088K [0x00000000d7100000, 0x00000000db900000, 0x0000000100000000)
  eden space 31744K, 0% used [0x00000000d7100000,0x00000000d7100000,0x00000000d9000000)
  from space 5120K, 99% used [0x00000000d9500000,0x00000000d99f8060,0x00000000d9a00000)
  to   space 5120K, 0% used [0x00000000d9000000,0x00000000d9000000,0x00000000d9500000)
 ParOldGen       total 84992K, used 6525K [0x0000000085200000, 0x000000008a500000, 0x00000000d7100000)
  object space 84992K, 7% used [0x0000000085200000,0x000000008585f518,0x000000008a500000)
 Metaspace       used 20010K, capacity 20310K, committed 20608K, reserved 1067008K
  class space    used 2542K, capacity 2643K, committed 2688K, reserved 1048576K
}
Event: 11.106 GC heap before
{Heap before GC invocations=5 (full 0):
 PSYoungGen      total 36864K, used 36832K [0x00000000d7100000, 0x00000000db900000, 0x0000000100000000)
  eden space 31744K, 100% used [0x00000000d7100000,0x00000000d9000000,0x00000000d9000000)
  from space 5120K, 99% used [0x00000000d9500000,0x00000000d99f8060,0x00000000d9a00000)
  to   space 5120K, 0% used [0x00000000d9000000,0x00000000d9000000,0x00000000d9500000)
 ParOldGen       total 84992K, used 6525K [0x0000000085200000, 0x000000008a500000, 0x00000000d7100000)
  object space 84992K, 7% used [0x0000000085200000,0x000000008585f518,0x000000008a500000)
 Metaspace       used 20088K, capacity 20374K, committed 20608K, reserved 1067008K
  class space    used 2550K, capacity 2643K, committed 2688K, reserved 1048576K
Event: 11.131 GC heap after
Heap after GC invocations=5 (full 0):
 PSYoungGen      total 36864K, used 5088K [0x00000000d7100000, 0x00000000dbf00000, 0x0000000100000000)
  eden space 31744K, 0% used [0x00000000d7100000,0x00000000d7100000,0x00000000d9000000)
  from space 5120K, 99% used [0x00000000d9000000,0x00000000d94f8060,0x00000000d9500000)
  to   space 8192K, 0% used [0x00000000db700000,0x00000000db700000,0x00000000dbf00000)
 ParOldGen       total 84992K, used 9034K [0x0000000085200000, 0x000000008a500000, 0x00000000d7100000)
  object space 84992K, 10% used [0x0000000085200000,0x0000000085ad2890,0x000000008a500000)
 Metaspace       used 20088K, capacity 20374K, committed 20608K, reserved 1067008K
  class space    used 2550K, capacity 2643K, committed 2688K, reserved 1048576K
}
Event: 12.534 GC heap before
{Heap before GC invocations=6 (full 0):
 PSYoungGen      total 36864K, used 36832K [0x00000000d7100000, 0x00000000dbf00000, 0x0000000100000000)
  eden space 31744K, 100% used [0x00000000d7100000,0x00000000d9000000,0x00000000d9000000)
  from space 5120K, 99% used [0x00000000d9000000,0x00000000d94f8060,0x00000000d9500000)
  to   space 8192K, 0% used [0x00000000db700000,0x00000000db700000,0x00000000dbf00000)
 ParOldGen       total 84992K, used 9034K [0x0000000085200000, 0x000000008a500000, 0x00000000d7100000)
  object space 84992K, 10% used [0x0000000085200000,0x0000000085ad2890,0x000000008a500000)
 Metaspace       used 20210K, capacity 20438K, committed 20608K, reserved 1067008K
  class space    used 2550K, capacity 2643K, committed 2688K, reserved 1048576K
Event: 12.566 GC heap after
Heap after GC invocations=6 (full 0):
 PSYoungGen      total 71168K, used 5232K [0x00000000d7100000, 0x00000000dc000000, 0x0000000100000000)
  eden space 62976K, 0% used [0x00000000d7100000,0x00000000d7100000,0x00000000dae80000)
  from space 8192K, 63% used [0x00000000db700000,0x00000000dbc1c080,0x00000000dbf00000)
  to   space 8704K, 0% used [0x00000000dae80000,0x00000000dae80000,0x00000000db700000)
 ParOldGen       total 84992K, used 9042K [0x0000000085200000, 0x000000008a500000, 0x00000000d7100000)
  object space 84992K, 10% used [0x0000000085200000,0x0000000085ad4890,0x000000008a500000)
 Metaspace       used 20210K, capacity 20438K, committed 20608K, reserved 1067008K
  class space    used 2550K, capacity 2643K, committed 2688K, reserved 1048576K
}
Event: 16.381 GC heap before
{Heap before GC invocations=7 (full 0):
 PSYoungGen      total 71168K, used 68208K [0x00000000d7100000, 0x00000000dc000000, 0x0000000100000000)
  eden space 62976K, 100% used [0x00000000d7100000,0x00000000dae80000,0x00000000dae80000)
  from space 8192K, 63% used [0x00000000db700000,0x00000000dbc1c080,0x00000000dbf00000)
  to   space 8704K, 0% used [0x00000000dae80000,0x00000000dae80000,0x00000000db700000)
 ParOldGen       total 84992K, used 9042K [0x0000000085200000, 0x000000008a500000, 0x00000000d7100000)
  object space 84992K, 10% used [0x0000000085200000,0x0000000085ad4890,0x000000008a500000)
 Metaspace       used 20481K, capacity 20758K, committed 21120K, reserved 1067008K
  class space    used 2550K, capacity 2643K, committed 2688K, reserved 1048576K
Event: 16.415 GC heap after
Heap after GC invocations=7 (full 0):
 PSYoungGen      total 71680K, used 4608K [0x00000000d7100000, 0x00000000dfd00000, 0x0000000100000000)
  eden space 62976K, 0% used [0x00000000d7100000,0x00000000d7100000,0x00000000dae80000)
  from space 8704K, 52% used [0x00000000dae80000,0x00000000db300030,0x00000000db700000)
  to   space 8704K, 0% used [0x00000000df480000,0x00000000df480000,0x00000000dfd00000)
 ParOldGen       total 84992K, used 11353K [0x0000000085200000, 0x000000008a500000, 0x00000000d7100000)
  object space 84992K, 13% used [0x0000000085200000,0x0000000085d16428,0x000000008a500000)
 Metaspace       used 20481K, capacity 20758K, committed 21120K, reserved 1067008K
  class space    used 2550K, capacity 2643K, committed 2688K, reserved 1048576K
}

