# JRE version: OpenJDK Runtime Environment Temurin-17.0.4.1+1 (17.0.4.1+1) (build 17.0.4.1+1)
# Java VM: OpenJDK 64-Bit Server VM Temurin-17.0.4.1+1 (17.0.4.1+1, mixed mode, sharing, tiered, compressed oops, compressed class ptrs, g1 gc, linux-amd64)
GC Precious Log:
 CPUs: 4 total, 4 available
 Memory: 15900M
 Large Page Support: Disabled
 NUMA Support: Disabled
 Compressed Oops: Enabled (Zero based)
 Heap Region Size: 2M
 Heap Min Capacity: 8M
 Heap Initial Capacity: 250M
 Heap Max Capacity: 3976M
 Pre-touch: Disabled
 Parallel Workers: 4
 Concurrent Workers: 1
 Concurrent Refinement Workers: 4
 Periodic GC: Disabled
Heap:
 garbage-first heap   total 69632K, used 22654K [0x0000000707800000, 0x0000000800000000)
  region size 2048K, 11 young (22528K), 5 survivors (10240K)
 Metaspace       used 22359K, committed 22592K, reserved 1073152K
  class space    used 2516K, committed 2624K, reserved 1048576K
GC Heap History (8 events):
Event: 0.597 GC heap before
{Heap before GC invocations=0 (full 0):
 garbage-first heap   total 260096K, used 12256K [0x0000000707800000, 0x0000000800000000)
  region size 2048K, 6 young (12288K), 0 survivors (0K)
 Metaspace       used 6067K, committed 6336K, reserved 1056768K
  class space    used 576K, committed 704K, reserved 1048576K
}
Event: 0.599 GC heap after
{Heap after GC invocations=1 (full 0):
 garbage-first heap   total 260096K, used 4597K [0x0000000707800000, 0x0000000800000000)
  region size 2048K, 1 young (2048K), 1 survivors (2048K)
 Metaspace       used 6067K, committed 6336K, reserved 1056768K
  class space    used 576K, committed 704K, reserved 1048576K
}
Event: 1.173 GC heap before
{Heap before GC invocations=1 (full 0):
 garbage-first heap   total 260096K, used 23029K [0x0000000707800000, 0x0000000800000000)
  region size 2048K, 10 young (20480K), 1 survivors (2048K)
 Metaspace       used 14060K, committed 14272K, reserved 1064960K
  class space    used 1617K, committed 1728K, reserved 1048576K
}
Event: 1.180 GC heap after
{Heap after GC invocations=2 (full 0):
 garbage-first heap   total 260096K, used 7060K [0x0000000707800000, 0x0000000800000000)
  region size 2048K, 2 young (4096K), 2 survivors (4096K)
 Metaspace       used 14060K, committed 14272K, reserved 1064960K
  class space    used 1617K, committed 1728K, reserved 1048576K
}
Event: 4.802 GC heap before
{Heap before GC invocations=2 (full 0):
 garbage-first heap   total 260096K, used 64404K [0x0000000707800000, 0x0000000800000000)
  region size 2048K, 30 young (61440K), 2 survivors (4096K)
 Metaspace       used 18803K, committed 19008K, reserved 1073152K
  class space    used 2168K, committed 2240K, reserved 1048576K
}
Event: 4.812 GC heap after
{Heap after GC invocations=3 (full 0):
 garbage-first heap   total 260096K, used 11207K [0x0000000707800000, 0x0000000800000000)
  region size 2048K, 4 young (8192K), 4 survivors (8192K)
 Metaspace       used 18803K, committed 19008K, reserved 1073152K
  class space    used 2168K, committed 2240K, reserved 1048576K
}
Event: 12.132 GC heap before
{Heap before GC invocations=3 (full 0):
 garbage-first heap   total 260096K, used 48071K [0x0000000707800000, 0x0000000800000000)
  region size 2048K, 23 young (47104K), 4 survivors (8192K)
 Metaspace       used 21290K, committed 21504K, reserved 1073152K
  class space    used 2398K, committed 2496K, reserved 1048576K
}
Event: 12.149 GC heap after
{Heap after GC invocations=4 (full 0):
 garbage-first heap   total 260096K, used 12414K [0x0000000707800000, 0x0000000800000000)
  region size 2048K, 5 young (10240K), 5 survivors (10240K)
 Metaspace       used 21290K, committed 21504K, reserved 1073152K
  class space    used 2398K, committed 2496K, reserved 1048576K
}

