# JRE version: Java(TM) SE Runtime Environment (8.0_201-b09) (build 1.8.0_201-b09)
# Java VM: Java HotSpot(TM) 64-Bit Server VM (25.201-b09 mixed mode linux-amd64 compressed oops)
Heap:
 PSYoungGen      total 134144K, used 61073K [0x00000000d7100000, 0x00000000dff00000, 0x0000000100000000)
  eden space 125952K, 42% used [0x00000000d7100000,0x00000000da4ac710,0x00000000dec00000)
  from space 8192K, 99% used [0x00000000df500000,0x00000000dfcf8060,0x00000000dfd00000)
  to   space 9216K, 0% used [0x00000000dec00000,0x00000000dec00000,0x00000000df500000)
 ParOldGen       total 84992K, used 9896K [0x0000000085200000, 0x000000008a500000, 0x00000000d7100000)
  object space 84992K, 11% used [0x0000000085200000,0x0000000085baa3c0,0x000000008a500000)
 Metaspace       used 20695K, capacity 20950K, committed 21296K, reserved 1069056K
  class space    used 2569K, capacity 2643K, committed 2688K, reserved 1048576K
GC Heap History (10 events):
Event: 5.949 GC heap before
{Heap before GC invocations=2 (full 0):
 PSYoungGen      total 36864K, used 36863K [0x00000000d7100000, 0x00000000d9a00000, 0x0000000100000000)
  eden space 31744K, 100% used [0x00000000d7100000,0x00000000d9000000,0x00000000d9000000)
  from space 5120K, 99% used [0x00000000d9000000,0x00000000d94ffd10,0x00000000d9500000)
  to   space 5120K, 0% used [0x00000000d9500000,0x00000000d9500000,0x00000000d9a00000)
 ParOldGen       total 84992K, used 1676K [0x0000000085200000, 0x000000008a500000, 0x00000000d7100000)
  object space 84992K, 1% used [0x0000000085200000,0x00000000853a3110,0x000000008a500000)
 Metaspace       used 19031K, capacity 19286K, committed 19584K, reserved 1067008K
  class space    used 2495K, capacity 2579K, committed 2688K, reserved 1048576K
Event: 5.977 GC heap after
Heap after GC invocations=2 (full 0):
 PSYoungGen      total 36864K, used 5104K [0x00000000d7100000, 0x00000000d9a00000, 0x0000000100000000)
  eden space 31744K, 0% used [0x00000000d7100000,0x00000000d7100000,0x00000000d9000000)
  from space 5120K, 99% used [0x00000000d9500000,0x00000000d99fc060,0x00000000d9a00000)
  to   space 5120K, 0% used [0x00000000d9000000,0x00000000d9000000,0x00000000d9500000)
 ParOldGen       total 84992K, used 3597K [0x0000000085200000, 0x000000008a500000, 0x00000000d7100000)
  object space 84992K, 4% used [0x0000000085200000,0x0000000085583760,0x000000008a500000)
 Metaspace       used 19031K, capacity 19286K, committed 19584K, reserved 1067008K
  class space    used 2495K, capacity 2579K, committed 2688K, reserved 1048576K
}
Event: 7.695 GC heap before
{Heap before GC invocations=3 (full 0):
 PSYoungGen      total 36864K, used 36848K [0x00000000d7100000, 0x00000000d9a00000, 0x0000000100000000)
  eden space 31744K, 100% used [0x00000000d7100000,0x00000000d9000000,0x00000000d9000000)
  from space 5120K, 99% used [0x00000000d9500000,0x00000000d99fc060,0x00000000d9a00000)
  to   space 5120K, 0% used [0x00000000d9000000,0x00000000d9000000,0x00000000d9500000)
 ParOldGen       total 84992K, used 3597K [0x0000000085200000, 0x000000008a500000, 0x00000000d7100000)
  object space 84992K, 4% used [0x0000000085200000,0x0000000085583760,0x000000008a500000)
 Metaspace       used 20023K, capacity 20246K, committed 20608K, reserved 1067008K
  class space    used 2557K, capacity 2643K, committed 2688K, reserved 1048576K
Event: 7.719 GC heap after
Heap after GC invocations=3 (full 0):
 PSYoungGen      total 36864K, used 5104K [0x00000000d7100000, 0x00000000db900000, 0x0000000100000000)
  eden space 31744K, 0% used [0x00000000d7100000,0x00000000d7100000,0x00000000d9000000)
  from space 5120K, 99% used [0x00000000d9000000,0x00000000d94fc060,0x00000000d9500000)
  to   space 5120K, 0% used [0x00000000db400000,0x00000000db400000,0x00000000db900000)
 ParOldGen       total 84992K, used 5750K [0x0000000085200000, 0x000000008a500000, 0x00000000d7100000)
  object space 84992K, 6% used [0x0000000085200000,0x000000008579d928,0x000000008a500000)
 Metaspace       used 20023K, capacity 20246K, committed 20608K, reserved 1067008K
  class space    used 2557K, capacity 2643K, committed 2688K, reserved 1048576K
}
Event: 9.223 GC heap before
{Heap before GC invocations=4 (full 0):
 PSYoungGen      total 36864K, used 36848K [0x00000000d7100000, 0x00000000db900000, 0x0000000100000000)
  eden space 31744K, 100% used [0x00000000d7100000,0x00000000d9000000,0x00000000d9000000)
  from space 5120K, 99% used [0x00000000d9000000,0x00000000d94fc060,0x00000000d9500000)
  to   space 5120K, 0% used [0x00000000db400000,0x00000000db400000,0x00000000db900000)
 ParOldGen       total 84992K, used 5750K [0x0000000085200000, 0x000000008a500000, 0x00000000d7100000)
  object space 84992K, 6% used [0x0000000085200000,0x000000008579d928,0x000000008a500000)
 Metaspace       used 20103K, capacity 20310K, committed 20608K, reserved 1067008K
  class space    used 2558K, capacity 2643K, committed 2688K, reserved 1048576K
Event: 9.245 GC heap after
Heap after GC invocations=4 (full 0):
 PSYoungGen      total 68608K, used 5104K [0x00000000d7100000, 0x00000000db900000, 0x0000000100000000)
  eden space 63488K, 0% used [0x00000000d7100000,0x00000000d7100000,0x00000000daf00000)
  from space 5120K, 99% used [0x00000000db400000,0x00000000db8fc060,0x00000000db900000)
  to   space 5120K, 0% used [0x00000000daf00000,0x00000000daf00000,0x00000000db400000)
 ParOldGen       total 84992K, used 6710K [0x0000000085200000, 0x000000008a500000, 0x00000000d7100000)
  object space 84992K, 7% used [0x0000000085200000,0x000000008588d928,0x000000008a500000)
 Metaspace       used 20103K, capacity 20310K, committed 20608K, reserved 1067008K
  class space    used 2558K, capacity 2643K, committed 2688K, reserved 1048576K
}
Event: 12.744 GC heap before
{Heap before GC invocations=5 (full 0):
 PSYoungGen      total 68608K, used 68592K [0x00000000d7100000, 0x00000000db900000, 0x0000000100000000)
  eden space 63488K, 100% used [0x00000000d7100000,0x00000000daf00000,0x00000000daf00000)
  from space 5120K, 99% used [0x00000000db400000,0x00000000db8fc060,0x00000000db900000)
  to   space 5120K, 0% used [0x00000000daf00000,0x00000000daf00000,0x00000000db400000)
 ParOldGen       total 84992K, used 6710K [0x0000000085200000, 0x000000008a500000, 0x00000000d7100000)
  object space 84992K, 7% used [0x0000000085200000,0x000000008588d928,0x000000008a500000)
 Metaspace       used 20499K, capacity 20694K, committed 21120K, reserved 1067008K
  class space    used 2558K, capacity 2643K, committed 2688K, reserved 1048576K
Event: 12.775 GC heap after
Heap after GC invocations=5 (full 0):
 PSYoungGen      total 68608K, used 5088K [0x00000000d7100000, 0x00000000dfd00000, 0x0000000100000000)
  eden space 63488K, 0% used [0x00000000d7100000,0x00000000d7100000,0x00000000daf00000)
  from space 5120K, 99% used [0x00000000daf00000,0x00000000db3f8060,0x00000000db400000)
  to   space 8192K, 0% used [0x00000000df500000,0x00000000df500000,0x00000000dfd00000)
 ParOldGen       total 84992K, used 9064K [0x0000000085200000, 0x000000008a500000, 0x00000000d7100000)
  object space 84992K, 10% used [0x0000000085200000,0x0000000085ada3c0,0x000000008a500000)
 Metaspace       used 20499K, capacity 20694K, committed 21120K, reserved 1067008K
  class space    used 2558K, capacity 2643K, committed 2688K, reserved 1048576K
}
Event: 16.208 GC heap before
{Heap before GC invocations=6 (full 0):
 PSYoungGen      total 68608K, used 68576K [0x00000000d7100000, 0x00000000dfd00000, 0x0000000100000000)
  eden space 63488K, 100% used [0x00000000d7100000,0x00000000daf00000,0x00000000daf00000)
  from space 5120K, 99% used [0x00000000daf00000,0x00000000db3f8060,0x00000000db400000)
  to   space 8192K, 0% used [0x00000000df500000,0x00000000df500000,0x00000000dfd00000)
 ParOldGen       total 84992K, used 9064K [0x0000000085200000, 0x000000008a500000, 0x00000000d7100000)
  object space 84992K, 10% used [0x0000000085200000,0x0000000085ada3c0,0x000000008a500000)
 Metaspace       used 20557K, capacity 20822K, committed 21120K, reserved 1067008K
  class space    used 2558K, capacity 2643K, committed 2688K, reserved 1048576K
Event: 16.253 GC heap after
Heap after GC invocations=6 (full 0):
 PSYoungGen      total 134144K, used 8160K [0x00000000d7100000, 0x00000000dff00000, 0x0000000100000000)
  eden space 125952K, 0% used [0x00000000d7100000,0x00000000d7100000,0x00000000dec00000)
  from space 8192K, 99% used [0x00000000df500000,0x00000000dfcf8060,0x00000000dfd00000)
  to   space 9216K, 0% used [0x00000000dec00000,0x00000000dec00000,0x00000000df500000)
 ParOldGen       total 84992K, used 9896K [0x0000000085200000, 0x000000008a500000, 0x00000000d7100000)
  object space 84992K, 11% used [0x0000000085200000,0x0000000085baa3c0,0x000000008a500000)
 Metaspace       used 20557K, capacity 20822K, committed 21120K, reserved 1067008K
  class space    used 2558K, capacity 2643K, committed 2688K, reserved 1048576K
}

