# JRE version: OpenJDK Runtime Environment Temurin-17.0.4.1+1 (17.0.4.1+1) (build 17.0.4.1+1)
# Java VM: OpenJDK 64-Bit Server VM Temurin-17.0.4.1+1 (17.0.4.1+1, mixed mode, sharing, tiered, compressed oops, compressed class ptrs, g1 gc, linux-amd64)
GC Precious Log:
 CPUs: 4 total, 4 available
 Memory: 15900M
 Large Page Support: Disabled
 NUMA Support: Disabled
 Compressed Oops: Enabled (Zero based)
 Heap Region Size: 2M
 Heap Min Capacity: 8M
 Heap Initial Capacity: 250M
 Heap Max Capacity: 3976M
 Pre-touch: Disabled
 Parallel Workers: 4
 Concurrent Workers: 1
 Concurrent Refinement Workers: 4
 Periodic GC: Disabled
Heap:
 garbage-first heap   total 260096K, used 53167K [0x0000000707800000, 0x0000000800000000)
  region size 2048K, 24 young (49152K), 6 survivors (12288K)
 Metaspace       used 15689K, committed 15936K, reserved 1064960K
  class space    used 1742K, committed 1856K, reserved 1048576K
GC Heap History (8 events):
Event: 0.761 GC heap before
{Heap before GC invocations=0 (full 0):
 garbage-first heap   total 260096K, used 14304K [0x0000000707800000, 0x0000000800000000)
  region size 2048K, 6 young (12288K), 0 survivors (0K)
 Metaspace       used 10519K, committed 10752K, reserved 1064960K
  class space    used 1280K, committed 1408K, reserved 1048576K
}
Event: 0.766 GC heap after
{Heap after GC invocations=1 (full 0):
 garbage-first heap   total 260096K, used 5746K [0x0000000707800000, 0x0000000800000000)
  region size 2048K, 1 young (2048K), 1 survivors (2048K)
 Metaspace       used 10519K, committed 10752K, reserved 1064960K
  class space    used 1280K, committed 1408K, reserved 1048576K
}
Event: 1.865 GC heap before
{Heap before GC invocations=1 (full 0):
 garbage-first heap   total 260096K, used 15986K [0x0000000707800000, 0x0000000800000000)
  region size 2048K, 6 young (12288K), 1 survivors (2048K)
 Metaspace       used 13949K, committed 14208K, reserved 1064960K
  class space    used 1670K, committed 1792K, reserved 1048576K
}
Event: 1.870 GC heap after
{Heap after GC invocations=2 (full 0):
 garbage-first heap   total 260096K, used 8081K [0x0000000707800000, 0x0000000800000000)
  region size 2048K, 1 young (2048K), 1 survivors (2048K)
 Metaspace       used 13949K, committed 14208K, reserved 1064960K
  class space    used 1670K, committed 1792K, reserved 1048576K
}
Event: 3.197 GC heap before
{Heap before GC invocations=2 (full 0):
 garbage-first heap   total 260096K, used 38801K [0x0000000707800000, 0x0000000800000000)
  region size 2048K, 16 young (32768K), 1 survivors (2048K)
 Metaspace       used 14351K, committed 14592K, reserved 1064960K
  class space    used 1674K, committed 1792K, reserved 1048576K
}
Event: 3.204 GC heap after
{Heap after GC invocations=3 (full 0):
 garbage-first heap   total 260096K, used 11528K [0x0000000707800000, 0x0000000800000000)
  region size 2048K, 2 young (4096K), 2 survivors (4096K)
 Metaspace       used 14351K, committed 14592K, reserved 1064960K
  class space    used 1674K, committed 1792K, reserved 1048576K
}
Event: 7.163 GC heap before
{Heap before GC invocations=3 (full 0):
 garbage-first heap   total 260096K, used 111880K [0x0000000707800000, 0x0000000800000000)
  region size 2048K, 51 young (104448K), 2 survivors (4096K)
 Metaspace       used 15545K, committed 15808K, reserved 1064960K
  class space    used 1733K, committed 1856K, reserved 1048576K
}
Event: 7.177 GC heap after
{Heap after GC invocations=4 (full 0):
 garbage-first heap   total 260096K, used 18351K [0x0000000707800000, 0x0000000800000000)
  region size 2048K, 6 young (12288K), 6 survivors (12288K)
 Metaspace       used 15545K, committed 15808K, reserved 1064960K
  class space    used 1733K, committed 1856K, reserved 1048576K
}

