# JRE version: OpenJDK Runtime Environment Temurin-17.0.4.1+1 (17.0.4.1+1) (build 17.0.4.1+1)
# Java VM: OpenJDK 64-Bit Server VM Temurin-17.0.4.1+1 (17.0.4.1+1, mixed mode, sharing, tiered, compressed oops, compressed class ptrs, g1 gc, linux-amd64)
GC Precious Log:
 CPUs: 4 total, 4 available
 Memory: 15900M
 Large Page Support: Disabled
 NUMA Support: Disabled
 Compressed Oops: Enabled (Zero based)
 Heap Region Size: 2M
 Heap Min Capacity: 8M
 Heap Initial Capacity: 250M
 Heap Max Capacity: 3976M
 Pre-touch: Disabled
 Parallel Workers: 4
 Concurrent Workers: 1
 Concurrent Refinement Workers: 4
 Periodic GC: Disabled
Heap:
 garbage-first heap   total 55296K, used 15253K [0x0000000707800000, 0x0000000800000000)
  region size 2048K, 6 young (12288K), 3 survivors (6144K)
 Metaspace       used 21463K, committed 21696K, reserved 1073152K
  class space    used 2415K, committed 2496K, reserved 1048576K
GC Heap History (8 events):
Event: 0.583 GC heap before
{Heap before GC invocations=0 (full 0):
 garbage-first heap   total 260096K, used 12256K [0x0000000707800000, 0x0000000800000000)
  region size 2048K, 6 young (12288K), 0 survivors (0K)
 Metaspace       used 6091K, committed 6336K, reserved 1056768K
  class space    used 578K, committed 704K, reserved 1048576K
}
Event: 0.587 GC heap after
{Heap after GC invocations=1 (full 0):
 garbage-first heap   total 260096K, used 4558K [0x0000000707800000, 0x0000000800000000)
  region size 2048K, 1 young (2048K), 1 survivors (2048K)
 Metaspace       used 6091K, committed 6336K, reserved 1056768K
  class space    used 578K, committed 704K, reserved 1048576K
}
Event: 1.217 GC heap before
{Heap before GC invocations=1 (full 0):
 garbage-first heap   total 260096K, used 22990K [0x0000000707800000, 0x0000000800000000)
  region size 2048K, 10 young (20480K), 1 survivors (2048K)
 Metaspace       used 14168K, committed 14400K, reserved 1064960K
  class space    used 1629K, committed 1728K, reserved 1048576K
}
Event: 1.226 GC heap after
{Heap after GC invocations=2 (full 0):
 garbage-first heap   total 260096K, used 7197K [0x0000000707800000, 0x0000000800000000)
  region size 2048K, 2 young (4096K), 2 survivors (4096K)
 Metaspace       used 14168K, committed 14400K, reserved 1064960K
  class space    used 1629K, committed 1728K, reserved 1048576K
}
Event: 3.092 GC heap before
{Heap before GC invocations=2 (full 0):
 garbage-first heap   total 260096K, used 52253K [0x0000000707800000, 0x0000000800000000)
  region size 2048K, 24 young (49152K), 2 survivors (4096K)
 Metaspace       used 18598K, committed 18816K, reserved 1073152K
  class space    used 2163K, committed 2240K, reserved 1048576K
}
Event: 3.100 GC heap after
{Heap after GC invocations=3 (full 0):
 garbage-first heap   total 260096K, used 11029K [0x0000000707800000, 0x0000000800000000)
  region size 2048K, 3 young (6144K), 3 survivors (6144K)
 Metaspace       used 18598K, committed 18816K, reserved 1073152K
  class space    used 2163K, committed 2240K, reserved 1048576K
}
Event: 12.464 GC heap before
{Heap before GC invocations=3 (full 0):
 garbage-first heap   total 260096K, used 29461K [0x0000000707800000, 0x0000000800000000)
  region size 2048K, 13 young (26624K), 3 survivors (6144K)
 Metaspace       used 21297K, committed 21504K, reserved 1073152K
  class space    used 2409K, committed 2496K, reserved 1048576K
}
Event: 12.471 GC heap after
{Heap after GC invocations=4 (full 0):
 garbage-first heap   total 260096K, used 11157K [0x0000000707800000, 0x0000000800000000)
  region size 2048K, 3 young (6144K), 3 survivors (6144K)
 Metaspace       used 21297K, committed 21504K, reserved 1073152K
  class space    used 2409K, committed 2496K, reserved 1048576K
}

